{
  "stats": {
    "suites": 1,
    "tests": 10,
    "passes": 10,
    "pending": 0,
    "failures": 0,
    "start": "2022-09-27T08:09:49.097Z",
    "end": "2022-09-27T08:11:05.388Z",
    "duration": 76291,
    "testsRegistered": 10,
    "passPercent": 100,
    "pendingPercent": 0,
    "other": 0,
    "hasOther": false,
    "skipped": 0,
    "hasSkipped": false
  },
  "results": [
    {
      "uuid": "0158e64e-64d7-4818-88a8-3ec84914b46a",
      "title": "",
      "fullFile": "D:\\Work\\businesshub-selenium-test\\test\\register\\registert.js",
      "file": "\\test\\register\\registert.js",
      "beforeHooks": [],
      "afterHooks": [],
      "tests": [],
      "suites": [
        {
          "uuid": "f610a1a9-6f7f-4ed5-9fb0-dfb4959957d7",
          "title": "Registration Process",
          "fullFile": "D:\\Work\\businesshub-selenium-test\\test\\register\\registert.js",
          "file": "\\test\\register\\registert.js",
          "beforeHooks": [],
          "afterHooks": [],
          "tests": [
            {
              "title": "Name Validation Success",
              "fullTitle": "Registration Process Name Validation Success",
              "timedOut": null,
              "duration": 8259,
              "state": "passed",
              "speed": "slow",
              "pass": true,
              "fail": false,
              "pending": false,
              "context": null,
              "code": "let value = '';\n    let error = ' The name field is required. ';\n    let xpath = '//*[@id=\"step_input\"]/div[1]/div/span'\n    //perform actions \n    //=============== \n    // --opening chrome\n    let driver = await new webdriver.Builder().forBrowser('chrome').build();\n    // --reaching the Destination\n    await driver.get(_path);\n    // --filling checkbox checked\n    await driver.findElement(webdriver.By.id('term_all_agree')).click();\n    \n    // --click on next step\n    await driver.findElement(webdriver.By.id('btn_term_next')).click();        \n    \n    // --filling fields\n    await driver.findElement(webdriver.By.id('name')).sendKeys(value);\n    // --form submission\n    await driver.findElement(webdriver.By.id('s-next')).click();\n        \n    // --cheking element text to verify if user logged in or not (ASSERTION)\n    let cerror = await driver.findElement(webdriver.By.xpath(xpath)).getAttribute('innerHTML').then((value)=>{\n        return value;\n    });\n    // (ASSERTION)\n    cerror.should.equal(error);\n        \n    //close the browser \n    // ================ \n    await driver.quit();",
              "err": {},
              "uuid": "afdb6c06-9151-48b4-a8a6-06c120a39b5f",
              "parentUUID": null,
              "isHook": false,
              "skipped": false
            },
            {
              "title": "Email Validation Success",
              "fullTitle": "Registration Process Email Validation Success",
              "timedOut": null,
              "duration": 7139,
              "state": "passed",
              "speed": "slow",
              "pass": true,
              "fail": false,
              "pending": false,
              "context": null,
              "code": "let value = '';\n    let error = ' The email field is required. ';\n    let xpath = '//*[@id=\"label_user_email\"]/span'\n    //perform actions \n    //=============== \n    // --opening chrome\n    let driver = await new webdriver.Builder().forBrowser('chrome').build();\n    // --reaching the Destination\n    await driver.get(_path);\n    // --filling checkbox checked\n    await driver.findElement(webdriver.By.id('term_all_agree')).click();\n    \n    // --click on next step\n    await driver.findElement(webdriver.By.id('btn_term_next')).click();        \n    \n    // --filling fields\n    await driver.findElement(webdriver.By.id('name')).sendKeys(value);\n    // --form submission\n    await driver.findElement(webdriver.By.id('s-next')).click();\n        \n    // --cheking element text to verify if user logged in or not (ASSERTION)\n    let cerror = await driver.findElement(webdriver.By.xpath(xpath)).getAttribute('innerHTML').then((value)=>{\n        return value;\n    });\n    // (ASSERTION)\n    cerror.should.equal(error);\n        \n    //close the browser \n    // ================ \n    await driver.quit();",
              "err": {},
              "uuid": "1e59bf42-b0bd-4f07-be46-6291ac1a4bcc",
              "parentUUID": null,
              "isHook": false,
              "skipped": false
            },
            {
              "title": "Username Validation Success",
              "fullTitle": "Registration Process Username Validation Success",
              "timedOut": null,
              "duration": 7230,
              "state": "passed",
              "speed": "slow",
              "pass": true,
              "fail": false,
              "pending": false,
              "context": null,
              "code": "let value = '';\n    let error = ' The username field is required. ';\n    let xpath = '//*[@id=\"step_input\"]/div[3]/div/span'\n    //perform actions \n    //=============== \n    // --opening chrome\n    let driver = await new webdriver.Builder().forBrowser('chrome').build();\n    // --reaching the Destination\n    await driver.get(_path);\n    // --filling checkbox checked\n    await driver.findElement(webdriver.By.id('term_all_agree')).click();\n    \n    // --click on next step\n    await driver.findElement(webdriver.By.id('btn_term_next')).click();        \n    \n    // --filling fields\n    await driver.findElement(webdriver.By.id('name')).sendKeys(value);\n    // --form submission\n    await driver.findElement(webdriver.By.id('s-next')).click();\n        \n    // --cheking element text to verify if user logged in or not (ASSERTION)\n    let cerror = await driver.findElement(webdriver.By.xpath(xpath)).getAttribute('innerHTML').then((value)=>{\n        return value;\n    });\n    // (ASSERTION)\n    cerror.should.equal(error);\n        \n    //close the browser \n    // ================ \n    await driver.quit();",
              "err": {},
              "uuid": "0e99f8df-5a9b-45da-96f2-8cb3fbfc5ced",
              "parentUUID": null,
              "isHook": false,
              "skipped": false
            },
            {
              "title": "Password Validation Success",
              "fullTitle": "Registration Process Password Validation Success",
              "timedOut": null,
              "duration": 7489,
              "state": "passed",
              "speed": "slow",
              "pass": true,
              "fail": false,
              "pending": false,
              "context": null,
              "code": "let value = '';\n        let error = ' The password field is required. ';\n        let xpath = '//*[@id=\"step_input\"]/div[4]/div/span'\n        //perform actions \n        //=============== \n        // --opening chrome\n        let driver = await new webdriver.Builder().forBrowser('chrome').build();\n        // --reaching the Destination\n        await driver.get(_path);\n        // --filling checkbox checked\n        await driver.findElement(webdriver.By.id('term_all_agree')).click();\n        \n        // --click on next step\n        await driver.findElement(webdriver.By.id('btn_term_next')).click();        \n        \n        // --filling fields\n        await driver.findElement(webdriver.By.id('name')).sendKeys(value);\n        // --form submission\n        await driver.findElement(webdriver.By.id('s-next')).click();\n            \n        // --cheking element text to verify if user logged in or not (ASSERTION)\n        let cerror = await driver.findElement(webdriver.By.xpath(xpath)).getAttribute('innerHTML').then((value)=>{\n            return value;\n        });\n        // (ASSERTION)\n        cerror.should.equal(error);\n            \n        //close the browser \n        // ================ \n        await driver.quit();",
              "err": {},
              "uuid": "d67518d5-effb-4c32-8103-2fe612dc9501",
              "parentUUID": null,
              "isHook": false,
              "skipped": false
            },
            {
              "title": "Registry Number Validation Success",
              "fullTitle": "Registration Process Registry Number Validation Success",
              "timedOut": null,
              "duration": 7229,
              "state": "passed",
              "speed": "slow",
              "pass": true,
              "fail": false,
              "pending": false,
              "context": null,
              "code": "let value = '';\n        let error = ' The registry number field is required. ';\n        let xpath = '//*[@id=\"step_input\"]/div[6]/div/span'\n        //perform actions \n        //=============== \n        // --opening chrome\n        let driver = await new webdriver.Builder().forBrowser('chrome').build();\n        // --reaching the Destination\n        await driver.get(_path);\n        // --filling checkbox checked\n        await driver.findElement(webdriver.By.id('term_all_agree')).click();\n        \n        // --click on next step\n        await driver.findElement(webdriver.By.id('btn_term_next')).click();        \n        \n        // --filling fields\n        await driver.findElement(webdriver.By.id('name')).sendKeys(value);\n        // --form submission\n        await driver.findElement(webdriver.By.id('s-next')).click();\n            \n        // --cheking element text to verify if user logged in or not (ASSERTION)\n        let cerror = await driver.findElement(webdriver.By.xpath(xpath)).getAttribute('innerHTML').then((value)=>{\n            return value;\n        });\n        // (ASSERTION)\n        cerror.should.equal(error);\n            \n        //close the browser \n        // ================ \n        await driver.quit();",
              "err": {},
              "uuid": "4f1f497f-b3d6-46be-bae6-fbc99ed57c70",
              "parentUUID": null,
              "isHook": false,
              "skipped": false
            },
            {
              "title": "Post code Validation Success",
              "fullTitle": "Registration Process Post code Validation Success",
              "timedOut": null,
              "duration": 7447,
              "state": "passed",
              "speed": "slow",
              "pass": true,
              "fail": false,
              "pending": false,
              "context": null,
              "code": "let value = '';\n        let error = ' The post code field is required. ';\n        let xpath = '//*[@id=\"step_input\"]/div[8]/div/span'\n        //perform actions \n        //=============== \n        // --opening chrome\n        let driver = await new webdriver.Builder().forBrowser('chrome').build();\n        // --reaching the Destination\n        await driver.get(_path);\n        // --filling checkbox checked\n        await driver.findElement(webdriver.By.id('term_all_agree')).click();\n        \n        // --click on next step\n        await driver.findElement(webdriver.By.id('btn_term_next')).click();        \n        \n        // --filling fields\n        await driver.findElement(webdriver.By.id('name')).sendKeys(value);\n        // --form submission\n        await driver.findElement(webdriver.By.id('s-next')).click();\n            \n        // --cheking element text to verify if user logged in or not (ASSERTION)\n        let cerror = await driver.findElement(webdriver.By.xpath(xpath)).getAttribute('innerHTML').then((value)=>{\n            return value;\n        });\n        // (ASSERTION)\n        cerror.should.equal(error);\n            \n        //close the browser \n        // ================ \n        await driver.quit();",
              "err": {},
              "uuid": "b0f96600-b9a7-4290-8b1b-5c76bb8c4451",
              "parentUUID": null,
              "isHook": false,
              "skipped": false
            },
            {
              "title": "Address Validation Success",
              "fullTitle": "Registration Process Address Validation Success",
              "timedOut": null,
              "duration": 7181,
              "state": "passed",
              "speed": "slow",
              "pass": true,
              "fail": false,
              "pending": false,
              "context": null,
              "code": "let value = '';\n        let error = ' The address field is required. ';\n        let xpath = '//*[@id=\"step_input\"]/div[9]/div/span'\n        //perform actions \n        //=============== \n        // --opening chrome\n        let driver = await new webdriver.Builder().forBrowser('chrome').build();\n        // --reaching the Destination\n        await driver.get(_path);\n        // --filling checkbox checked\n        await driver.findElement(webdriver.By.id('term_all_agree')).click();\n        \n        // --click on next step\n        await driver.findElement(webdriver.By.id('btn_term_next')).click();        \n        \n        // --filling fields\n        await driver.findElement(webdriver.By.id('name')).sendKeys(value);\n        // --form submission\n        await driver.findElement(webdriver.By.id('s-next')).click();\n            \n        // --cheking element text to verify if user logged in or not (ASSERTION)\n        let cerror = await driver.findElement(webdriver.By.xpath(xpath)).getAttribute('innerHTML').then((value)=>{\n            return value;\n        });\n        // (ASSERTION)\n        cerror.should.equal(error);\n            \n        //close the browser \n        // ================ \n        await driver.quit();",
              "err": {},
              "uuid": "f8373565-5728-4cef-8fe1-2ab95550cfcb",
              "parentUUID": null,
              "isHook": false,
              "skipped": false
            },
            {
              "title": "OR ID Validation Success",
              "fullTitle": "Registration Process OR ID Validation Success",
              "timedOut": null,
              "duration": 7616,
              "state": "passed",
              "speed": "slow",
              "pass": true,
              "fail": false,
              "pending": false,
              "context": null,
              "code": "let value = '';\n        let error = ' The or id field is required. ';\n        let xpath = '//*[@id=\"step_input\"]/div[11]/div/span'\n        //perform actions \n        //=============== \n        // --opening chrome\n        let driver = await new webdriver.Builder().forBrowser('chrome').build();\n        // --reaching the Destination\n        await driver.get(_path);\n        // --filling checkbox checked\n        await driver.findElement(webdriver.By.id('term_all_agree')).click();\n        \n        // --click on next step\n        await driver.findElement(webdriver.By.id('btn_term_next')).click();        \n        \n        // --filling fields\n        await driver.findElement(webdriver.By.id('name')).sendKeys(value);\n        // --form submission\n        await driver.findElement(webdriver.By.id('s-next')).click();\n            \n        // --cheking element text to verify if user logged in or not (ASSERTION)\n        let cerror = await driver.findElement(webdriver.By.xpath(xpath)).getAttribute('innerHTML').then((value)=>{\n            return value;\n        });\n        // (ASSERTION)\n        cerror.should.equal(error);\n            \n        //close the browser \n        // ================ \n        await driver.quit();",
              "err": {},
              "uuid": "9b949a9d-8fea-4692-ae71-21e6b1242f5f",
              "parentUUID": null,
              "isHook": false,
              "skipped": false
            },
            {
              "title": "ID CARD Validation Success",
              "fullTitle": "Registration Process ID CARD Validation Success",
              "timedOut": null,
              "duration": 8221,
              "state": "passed",
              "speed": "slow",
              "pass": true,
              "fail": false,
              "pending": false,
              "context": null,
              "code": "let value = '';\n        let error = ' The id card field is required. ';\n        let xpath = '//*[@id=\"label_id_card\"]/span'\n        //perform actions \n        //=============== \n        // --opening chrome\n        let driver = await new webdriver.Builder().forBrowser('chrome').build();\n        // --reaching the Destination\n        await driver.get(_path);\n        // --filling checkbox checked\n        await driver.findElement(webdriver.By.id('term_all_agree')).click();\n        \n        // --click on next step\n        await driver.findElement(webdriver.By.id('btn_term_next')).click();        \n        \n        // --filling fields\n        await driver.findElement(webdriver.By.id('name')).sendKeys(value);\n        // --form submission\n        await driver.findElement(webdriver.By.id('s-next')).click();\n            \n        // --cheking element text to verify if user logged in or not (ASSERTION)\n        let cerror = await driver.findElement(webdriver.By.xpath(xpath)).getAttribute('innerHTML').then((value)=>{\n            return value;\n        });\n        // (ASSERTION)\n        cerror.should.equal(error);\n            \n        //close the browser \n        // ================ \n        await driver.quit();",
              "err": {},
              "uuid": "68526d5b-09af-43e4-af5a-086d0c3dae6a",
              "parentUUID": null,
              "isHook": false,
              "skipped": false
            },
            {
              "title": "Passport Validation Success",
              "fullTitle": "Registration Process Passport Validation Success",
              "timedOut": null,
              "duration": 7455,
              "state": "passed",
              "speed": "slow",
              "pass": true,
              "fail": false,
              "pending": false,
              "context": null,
              "code": "let value = '';\n        let error = ' The passbook field is required. ';\n        let xpath = '//*[@id=\"label_passbook\"]/span'\n        //perform actions \n        //=============== \n        // --opening chrome\n        let driver = await new webdriver.Builder().forBrowser('chrome').build();\n        // --reaching the Destination\n        await driver.get(_path);\n        // --filling checkbox checked\n        await driver.findElement(webdriver.By.id('term_all_agree')).click();\n        \n        // --click on next step\n        await driver.findElement(webdriver.By.id('btn_term_next')).click();        \n        \n        // --filling fields\n        await driver.findElement(webdriver.By.id('name')).sendKeys(value);\n        // --form submission\n        await driver.findElement(webdriver.By.id('s-next')).click();\n            \n        // --cheking element text to verify if user logged in or not (ASSERTION)\n        let cerror = await driver.findElement(webdriver.By.xpath(xpath)).getAttribute('innerHTML').then((value)=>{\n            return value;\n        });\n        // (ASSERTION)\n        cerror.should.equal(error);\n            \n        //close the browser \n        // ================ \n        await driver.quit();",
              "err": {},
              "uuid": "6e2b972c-ed63-4723-9b71-b88297eab783",
              "parentUUID": null,
              "isHook": false,
              "skipped": false
            }
          ],
          "suites": [],
          "passes": [
            "afdb6c06-9151-48b4-a8a6-06c120a39b5f",
            "1e59bf42-b0bd-4f07-be46-6291ac1a4bcc",
            "0e99f8df-5a9b-45da-96f2-8cb3fbfc5ced",
            "d67518d5-effb-4c32-8103-2fe612dc9501",
            "4f1f497f-b3d6-46be-bae6-fbc99ed57c70",
            "b0f96600-b9a7-4290-8b1b-5c76bb8c4451",
            "f8373565-5728-4cef-8fe1-2ab95550cfcb",
            "9b949a9d-8fea-4692-ae71-21e6b1242f5f",
            "68526d5b-09af-43e4-af5a-086d0c3dae6a",
            "6e2b972c-ed63-4723-9b71-b88297eab783"
          ],
          "failures": [],
          "pending": [],
          "skipped": [],
          "duration": 75266,
          "root": false,
          "rootEmpty": false,
          "_timeout": null
        }
      ],
      "passes": [],
      "failures": [],
      "pending": [],
      "skipped": [],
      "duration": 0,
      "root": true,
      "rootEmpty": true,
      "_timeout": 0
    }
  ],
  "meta": {
    "mocha": {
      "version": "10.0.0"
    },
    "mochawesome": {
      "options": {
        "quiet": false,
        "reportFilename": "mochawesome",
        "saveHtml": true,
        "saveJson": true,
        "consoleReporter": "spec",
        "useInlineDiffs": false,
        "code": true
      },
      "version": "7.1.3"
    },
    "marge": {
      "options": null,
      "version": "6.2.0"
    }
  }
}